本工具用于生成SKRoot(Lite) ARM64 Linux内核ROOT提权代码 V12

/mnt/c/Users/778/Desktop/skroot/SKRoot-linuxKernelRoot-Lite_v2026.4.21/boot_build_live_kpm_fix/kernel

Find the current Linux kernel version: 6.6.30

code_static_start: 0x10000
fisrt kallsyms_offset_start: 0x144d5b0
fisrt kallsyms_offset_end: 0x14b51a8
kallsyms_relative_base: 0xffffffc080000000, offset: 0x14b51a8
kallsyms_num: 0x19efe, offset: 0x12e4120
kallsyms_offset_start: 0x144d5b0
kallsyms_offset_end: 0x14b51a8
kallsyms_names_start: 0x12e4128
kallsyms_names_end: 0x144c9a3
kallsyms_markers_start: 0x144c9a8
kallsyms_markers_end: 0x144d024
kallsyms_token_table_start: 0x144d028
kallsyms_token_table_end: 0x144d3aa
kallsyms_token_index_start: 0x144d3b0
kallsyms_seqs_of_names_list_start: 0x14b51b0
kallsyms_seqs_of_names_list_end: 0x1502eaa
_text:0
_stext:10000
_etext:1050000
die:23d10, size:0
__drm_puts_coredump:8c5ce4, size:8
__drm_printfn_coredump:8c5db4, size:8
__do_execve_file:0, size:0
do_execveat_common:3b3968, size:0
do_execve_common:0, size:0
do_execveat:0, size:0
do_execve:0, size:0
avc_denied:606970, size:0
audit_log_start:1b9660
filldir64:3c466c
sys_getuid:cb704, size:20
prctl_get_seccomp:1cdc7c, size:c
__cfi_check:0, size:0
__cfi_check_fail:0
__cfi_slowpath_diag:0
__cfi_slowpath:0
__ubsan_handle_cfi_check_fail_abort:0
__ubsan_handle_cfi_check_fail:0
report_cfi_failure:29c5b0
cred uid offset:8
cred offset:820
seccomp offset:8e8
Find the current Linux kernel version: 6.6.30

code_static_start: 0x10000
fisrt kallsyms_offset_start: 0x144d5b0
fisrt kallsyms_offset_end: 0x14b51a8
kallsyms_relative_base: 0xffffffc080000000, offset: 0x14b51a8
kallsyms_num: 0x19efe, offset: 0x12e4120
kallsyms_offset_start: 0x144d5b0
kallsyms_offset_end: 0x14b51a8
kallsyms_names_start: 0x12e4128
kallsyms_names_end: 0x144c9a3
kallsyms_markers_start: 0x144c9a8
kallsyms_markers_end: 0x144d024
kallsyms_token_table_start: 0x144d028
kallsyms_token_table_end: 0x144d3aa
kallsyms_token_index_start: 0x144d3b0
kallsyms_seqs_of_names_list_start: 0x14b51b0
kallsyms_seqs_of_names_list_end: 0x1502eaa

=== KPM Loader Integration ===
KPM code cave: 0x1046880, size:0x9780
init_cred offset:206ed28
kernel VA base: 0xffffffc080000000
KPM loader embedding:
  handler:     0x1046880
  loader:      0x1047000 (14992 bytes)
  entry:       0x1047890 (offset 0x890)
  system tbl:  0x104aa90 (216 bytes)
KPM handler: 0x1046880
init_cred offset:206ed28
Start hooking addr:  23d10

.BYTE 0X00, 0X00, 0X00, 0X00, 0X00, 0X00, 0X00, 0X00, 0X00, 0X00, 0X00, 0X00, 0X00, 0X00, 0X00, 0X00, 0X00, 0X00, 0X00, 0X00, 0X00, 0X00, 0X00, 0X00, 0X00, 0X00, 0X00, 0X00, 0X00, 0X00, 0X00, 0X00, 0X00, 0X00, 0X00, 0X00, 0X00, 0X00, 0X00, 0X00, 0X00, 0X00, 0X00, 0X00, 0X00, 0X00, 0X00, 0X00
MOV X0, X0
MOV X11, -4095
CMP X1, X11
B.HS L0
LDR X11, [X1]
.BYTE 0XEC, 0XFD, 0XFF, 0X10
L1:
LDRB W14, [X11], 1
LDRB W15, [X12], 1
CMP W14, W15
B.NE L0
CBNZ W15, L1
MRS X12, 49672
LDR X14, [X12, 2080]
ADD X14, X14, 8
STR XZR, [X14], 8
STR XZR, [X14], 8
STR XZR, [X14], 8
STR XZR, [X14], 8
STR WZR, [X14], 8
MOV X13, 2199023255551
STP X13, X13, [X14], 16
STP X13, X13, [X14], 16
STR X13, [X14], 8
MOV X15, 2048
LDAXR X14, [X12]
BIC X14, X14, X15
STLXR X15, X14, [X12]
STR WZR, [X12, 2280]
L0:
LDR X11, [X1]
CBZ X11, L2
MOV X15, -4095
CMP X11, X15
B.HS L2
LDRB W15, [X11]
CMP W15, 64
B.NE L2
STP X29, X30, [SP, -16]!
.BYTE 0XAB, 0X8A, 0X40, 0X94
LDP X29, X30, [SP], 16
L2:
.BYTE 0XE5, 0X3E, 0X0E, 0X14

[发生错误] patch_do_execve failed: not enough kernel space.
[ERROR] Patch empty addr!
